<?xml version="1.0" encoding="UTF-8"?>
<testsuite xmlns:xsi="http://www.w3.org/2001/XMLSchema-instance" xsi:noNamespaceSchemaLocation="https://maven.apache.org/surefire/maven-surefire-plugin/xsd/surefire-test-report-3.0.xsd" version="3.0" name="com.apicultor.apicutor.controller.ColmeiaControllerTest" time="88.477" tests="7" errors="6" skipped="0" failures="0">
  <properties>
[...]
</properties>
  <testcase name="listColmeias_funcionario_returnsOnlyLinkedApiarios" classname="com.apicultor.apicutor.controller.ColmeiaControllerTest" time="9.908">
    <system-out><![CDATA[17:19:33.983 [main] INFO org.springframework.test.context.support.AnnotationConfigContextLoaderUtils -- Could not detect default configuration classes for test class [com.apicultor.apicutor.controller.ColmeiaControllerTest]: ColmeiaControllerTest does not declare any static, non-private, non-final, nested classes annotated with @Configuration.
17:19:35.559 [main] INFO org.springframework.boot.test.context.SpringBootTestContextBootstrapper -- Found @SpringBootConfiguration com.apicultor.apicutor.ApicutorApplication for test class com.apicultor.apicutor.controller.ColmeiaControllerTest

  .   ____          _            __ _ _
 /\\ / ___'_ __ _ _(_)_ __  __ _ \ \ \ \
( ( )\___ | '_ | '_| | '_ \/ _` | \ \ \ \
 \\/  ___)| |_)| | | | | || (_| |  ) ) ) )
  '  |____| .__|_| |_|_| |_\__, | / / / /
 =========|_|==============|___/=/_/_/_/
 :: Spring Boot ::                (v3.2.0)

2026-03-17T17:19:43.304-03:00  INFO 23756 --- [           main] c.a.a.controller.ColmeiaControllerTest   : Starting ColmeiaControllerTest using Java 21.0.7 with PID 23756 (started by ItShare in C:\Users\ItShare\Documents\trae_projects\apicutor)
2026-03-17T17:19:43.319-03:00  INFO 23756 --- [           main] c.a.a.controller.ColmeiaControllerTest   : No active profile set, falling back to 1 default profile: "default"
2026-03-17T17:19:56.514-03:00  INFO 23756 --- [           main] .s.d.r.c.RepositoryConfigurationDelegate : Bootstrapping Spring Data JPA repositories in DEFAULT mode.
2026-03-17T17:19:57.345-03:00  INFO 23756 --- [           main] .s.d.r.c.RepositoryConfigurationDelegate : Finished Spring Data repository scanning in 789 ms. Found 7 JPA repository interfaces.
2026-03-17T17:20:09.519-03:00  INFO 23756 --- [           main] o.hibernate.jpa.internal.util.LogHelper  : HHH000204: Processing PersistenceUnitInfo [name: default]
2026-03-17T17:20:10.338-03:00  INFO 23756 --- [           main] org.hibernate.Version                    : HHH000412: Hibernate ORM core version 6.3.1.Final
2026-03-17T17:20:10.821-03:00  INFO 23756 --- [           main] o.h.c.internal.RegionFactoryInitiator    : HHH000026: Second-level cache disabled
2026-03-17T17:20:14.153-03:00  INFO 23756 --- [           main] o.s.o.j.p.SpringPersistenceUnitInfo      : No LoadTimeWeaver setup: ignoring JPA class transformer
2026-03-17T17:20:14.557-03:00  INFO 23756 --- [           main] com.zaxxer.hikari.HikariDataSource       : HikariPool-1 - Starting...
2026-03-17T17:20:17.256-03:00  INFO 23756 --- [           main] com.zaxxer.hikari.pool.HikariPool        : HikariPool-1 - Added connection conn0: url=jdbc:h2:mem:colmeia_test user=SA
2026-03-17T17:20:17.264-03:00  INFO 23756 --- [           main] com.zaxxer.hikari.HikariDataSource       : HikariPool-1 - Start completed.
2026-03-17T17:20:17.488-03:00  WARN 23756 --- [           main] org.hibernate.orm.deprecation            : HHH90000025: H2Dialect does not need to be specified explicitly using 'hibernate.dialect' (remove the property setting and it will be selected by default)
2026-03-17T17:20:25.410-03:00  INFO 23756 --- [           main] o.h.e.t.j.p.i.JtaPlatformInitiator       : HHH000489: No JTA platform available (set 'hibernate.transaction.jta.platform' to enable JTA platform integration)
2026-03-17T17:20:25.721-03:00  INFO 23756 --- [           main] j.LocalContainerEntityManagerFactoryBean : Initialized JPA EntityManagerFactory for persistence unit 'default'
2026-03-17T17:20:36.450-03:00  WARN 23756 --- [           main] JpaBaseConfiguration$JpaWebConfiguration : spring.jpa.open-in-view is enabled by default. Therefore, database queries may be performed during view rendering. Explicitly configure spring.jpa.open-in-view to disable this warning
2026-03-17T17:20:42.719-03:00  INFO 23756 --- [           main] o.s.b.a.e.web.EndpointLinksResolver      : Exposing 1 endpoint(s) beneath base path '/actuator'
2026-03-17T17:20:43.744-03:00  INFO 23756 --- [           main] o.s.s.web.DefaultSecurityFilterChain     : Will secure any request with [org.springframework.security.web.session.DisableEncodeUrlFilter@5b628249, org.springframework.security.web.context.request.async.WebAsyncManagerIntegrationFilter@727eae52, org.springframework.security.web.context.SecurityContextHolderFilter@15d04c41, org.springframework.security.web.header.HeaderWriterFilter@5b1e5366, org.springframework.web.filter.CorsFilter@12128849, org.springframework.security.web.authentication.logout.LogoutFilter@da09b52, com.apicultor.apicutor.security.JwtAuthenticationFilter@237bdd46, org.springframework.security.web.savedrequest.RequestCacheAwareFilter@4f7b4953, org.springframework.security.web.servletapi.SecurityContextHolderAwareRequestFilter@1964a3f, org.springframework.security.web.authentication.AnonymousAuthenticationFilter@7e32442d, org.springframework.security.web.session.SessionManagementFilter@636d4cdc, org.springframework.security.web.access.ExceptionTranslationFilter@16488ed7, org.springframework.security.web.access.intercept.AuthorizationFilter@ba77dc6]
2026-03-17T17:20:48.921-03:00  INFO 23756 --- [           main] o.s.b.t.m.w.SpringBootMockServletContext : Initializing Spring TestDispatcherServlet ''
2026-03-17T17:20:48.922-03:00  INFO 23756 --- [           main] o.s.t.web.servlet.TestDispatcherServlet  : Initializing Servlet ''
2026-03-17T17:20:48.936-03:00  INFO 23756 --- [           main] o.s.t.web.servlet.TestDispatcherServlet  : Completed initialization in 14 ms
2026-03-17T17:20:49.534-03:00  INFO 23756 --- [           main] c.a.a.controller.ColmeiaControllerTest   : Started ColmeiaControllerTest in 71.561 seconds (process running for 80.968)
]]></system-out>
    <system-err><![CDATA[WARNING: A Java agent has been loaded dynamically (C:\Users\ItShare\.m2\repository\net\bytebuddy\byte-buddy-agent\1.14.10\byte-buddy-agent-1.14.10.jar)
WARNING: If a serviceability tool is in use, please run with -XX:+EnableDynamicAgentLoading to hide this warning
WARNING: If a serviceability tool is not in use, please run with -Djdk.instrument.traceUsage for more information
WARNING: Dynamic loading of agents will be disallowed by default in a future release
]]></system-err>
  </testcase>
  <testcase name="createColmeia_funcionario_canCreateOnLinkedApiario" classname="com.apicultor.apicutor.controller.ColmeiaControllerTest" time="0.17">
    <error message="could not execute statement [Referential integrity constraint violation: &quot;FKP6IMMLRUSHWJ5J134GTLW8G10: PUBLIC.USUARIO_APIARIOS FOREIGN KEY(APIARIO_ID) REFERENCES PUBLIC.APIARIOS(ID) (CAST(1 AS BIGINT))&quot;; SQL statement:&#10;delete from apiarios where id=? [23503-224]] [delete from apiarios where id=?]; SQL [delete from apiarios where id=?]; constraint [&quot;FKP6IMMLRUSHWJ5J134GTLW8G10: PUBLIC.USUARIO_APIARIOS FOREIGN KEY(APIARIO_ID) REFERENCES PUBLIC.APIARIOS(ID) (CAST(1 AS BIGINT))&quot;; SQL statement:&#10;delete from apiarios where id=? [23503-224]]" type="org.springframework.dao.DataIntegrityViolationException"><![CDATA[org.springframework.dao.DataIntegrityViolationException: 
could not execute statement [Referential integrity constraint violation: "FKP6IMMLRUSHWJ5J134GTLW8G10: PUBLIC.USUARIO_APIARIOS FOREIGN KEY(APIARIO_ID) REFERENCES PUBLIC.APIARIOS(ID) (CAST(1 AS BIGINT))"; SQL statement:
delete from apiarios where id=? [23503-224]] [delete from apiarios where id=?]; SQL [delete from apiarios where id=?]; constraint ["FKP6IMMLRUSHWJ5J134GTLW8G10: PUBLIC.USUARIO_APIARIOS FOREIGN KEY(APIARIO_ID) REFERENCES PUBLIC.APIARIOS(ID) (CAST(1 AS BIGINT))"; SQL statement:
delete from apiarios where id=? [23503-224]]
	at org.springframework.orm.jpa.vendor.HibernateJpaDialect.convertHibernateAccessException(HibernateJpaDialect.java:290)
	at org.springframework.orm.jpa.vendor.HibernateJpaDialect.translateExceptionIfPossible(HibernateJpaDialect.java:241)
	at org.springframework.orm.jpa.JpaTransactionManager.doCommit(JpaTransactionManager.java:565)
	at org.springframework.transaction.support.AbstractPlatformTransactionManager.processCommit(AbstractPlatformTransactionManager.java:794)
	at org.springframework.transaction.support.AbstractPlatformTransactionManager.commit(AbstractPlatformTransactionManager.java:757)
	at org.springframework.transaction.interceptor.TransactionAspectSupport.commitTransactionAfterReturning(TransactionAspectSupport.java:669)
	at org.springframework.transaction.interceptor.TransactionAspectSupport.invokeWithinTransaction(TransactionAspectSupport.java:419)
	at org.springframework.transaction.interceptor.TransactionInterceptor.invoke(TransactionInterceptor.java:119)
	at org.springframework.aop.framework.ReflectiveMethodInvocation.proceed(ReflectiveMethodInvocation.java:184)
	at org.springframework.dao.support.PersistenceExceptionTranslationInterceptor.invoke(PersistenceExceptionTranslationInterceptor.java:137)
	at org.springframework.aop.framework.ReflectiveMethodInvocation.proceed(ReflectiveMethodInvocation.java:184)
	at org.springframework.data.jpa.repository.support.CrudMethodMetadataPostProcessor$CrudMethodMetadataPopulatingMethodInterceptor.invoke(CrudMethodMetadataPostProcessor.java:164)
	at org.springframework.aop.framework.ReflectiveMethodInvocation.proceed(ReflectiveMethodInvocation.java:184)
	at org.springframework.aop.interceptor.ExposeInvocationInterceptor.invoke(ExposeInvocationInterceptor.java:97)
	at org.springframework.aop.framework.ReflectiveMethodInvocation.proceed(ReflectiveMethodInvocation.java:184)
	at org.springframework.aop.framework.JdkDynamicAopProxy.invoke(JdkDynamicAopProxy.java:249)
	at jdk.proxy2/jdk.proxy2.$Proxy163.deleteAll(Unknown Source)
	at com.apicultor.apicutor.controller.ColmeiaControllerTest.setup(ColmeiaControllerTest.java:59)
	at java.base/java.lang.reflect.Method.invoke(Method.java:580)
	at java.base/java.util.ArrayList.forEach(ArrayList.java:1596)
	at java.base/java.util.ArrayList.forEach(ArrayList.java:1596)
Caused by: org.hibernate.exception.ConstraintViolationException: could not execute statement [Referential integrity constraint violation: "FKP6IMMLRUSHWJ5J134GTLW8G10: PUBLIC.USUARIO_APIARIOS FOREIGN KEY(APIARIO_ID) REFERENCES PUBLIC.APIARIOS(ID) (CAST(1 AS BIGINT))"; SQL statement:
delete from apiarios where id=? [23503-224]] [delete from apiarios where id=?]
	at org.hibernate.exception.internal.SQLExceptionTypeDelegate.convert(SQLExceptionTypeDelegate.java:62)
	at org.hibernate.exception.internal.StandardSQLExceptionConverter.convert(StandardSQLExceptionConverter.java:58)
	at org.hibernate.engine.jdbc.spi.SqlExceptionHelper.convert(SqlExceptionHelper.java:108)
	at org.hibernate.engine.jdbc.internal.ResultSetReturnImpl.executeUpdate(ResultSetReturnImpl.java:283)
	at org.hibernate.engine.jdbc.mutation.internal.AbstractMutationExecutor.performNonBatchedMutation(AbstractMutationExecutor.java:107)
	at org.hibernate.engine.jdbc.mutation.internal.MutationExecutorSingleNonBatched.performNonBatchedOperations(MutationExecutorSingleNonBatched.java:40)
	at org.hibernate.engine.jdbc.mutation.internal.AbstractMutationExecutor.execute(AbstractMutationExecutor.java:52)
	at org.hibernate.persister.entity.mutation.DeleteCoordinator.doStaticDelete(DeleteCoordinator.java:267)
	at org.hibernate.persister.entity.mutation.DeleteCoordinator.coordinateDelete(DeleteCoordinator.java:86)
	at org.hibernate.persister.entity.AbstractEntityPersister.delete(AbstractEntityPersister.java:2971)
	at org.hibernate.action.internal.EntityDeleteAction.execute(EntityDeleteAction.java:131)
	at org.hibernate.engine.spi.ActionQueue.executeActions(ActionQueue.java:631)
	at org.hibernate.engine.spi.ActionQueue.executeActions(ActionQueue.java:498)
	at org.hibernate.event.internal.AbstractFlushingEventListener.performExecutions(AbstractFlushingEventListener.java:363)
	at org.hibernate.event.internal.DefaultFlushEventListener.onFlush(DefaultFlushEventListener.java:39)
	at org.hibernate.event.service.internal.EventListenerGroupImpl.fireEventOnEachListener(EventListenerGroupImpl.java:127)
	at org.hibernate.internal.SessionImpl.doFlush(SessionImpl.java:1415)
	at org.hibernate.internal.SessionImpl.managedFlush(SessionImpl.java:496)
	at org.hibernate.internal.SessionImpl.flushBeforeTransactionCompletion(SessionImpl.java:2325)
	at org.hibernate.internal.SessionImpl.beforeTransactionCompletion(SessionImpl.java:1988)
	at org.hibernate.engine.jdbc.internal.JdbcCoordinatorImpl.beforeTransactionCompletion(JdbcCoordinatorImpl.java:439)
	at org.hibernate.resource.transaction.backend.jdbc.internal.JdbcResourceLocalTransactionCoordinatorImpl.beforeCompletionCallback(JdbcResourceLocalTransactionCoordinatorImpl.java:169)
	at org.hibernate.resource.transaction.backend.jdbc.internal.JdbcResourceLocalTransactionCoordinatorImpl$TransactionDriverControlImpl.commit(JdbcResourceLocalTransactionCoordinatorImpl.java:267)
	at org.hibernate.engine.transaction.internal.TransactionImpl.commit(TransactionImpl.java:101)
	at org.springframework.orm.jpa.JpaTransactionManager.doCommit(JpaTransactionManager.java:561)
	... 18 more
Caused by: org.h2.jdbc.JdbcSQLIntegrityConstraintViolationException: Referential integrity constraint violation: "FKP6IMMLRUSHWJ5J134GTLW8G10: PUBLIC.USUARIO_APIARIOS FOREIGN KEY(APIARIO_ID) REFERENCES PUBLIC.APIARIOS(ID) (CAST(1 AS BIGINT))"; SQL statement:
delete from apiarios where id=? [23503-224]
	at org.h2.message.DbException.getJdbcSQLException(DbException.java:520)
	at org.h2.message.DbException.getJdbcSQLException(DbException.java:489)
	at org.h2.message.DbException.get(DbException.java:223)
	at org.h2.message.DbException.get(DbException.java:199)
	at org.h2.constraint.ConstraintReferential.checkRow(ConstraintReferential.java:365)
	at org.h2.constraint.ConstraintReferential.checkRowRefTable(ConstraintReferential.java:382)
	at org.h2.constraint.ConstraintReferential.checkRow(ConstraintReferential.java:256)
	at org.h2.table.Table.fireConstraints(Table.java:1200)
	at org.h2.table.Table.fireAfterRow(Table.java:1218)
	at org.h2.command.dml.Delete.update(Delete.java:92)
	at org.h2.command.dml.DataChangeStatement.update(DataChangeStatement.java:74)
	at org.h2.command.CommandContainer.update(CommandContainer.java:169)
	at org.h2.command.Command.executeUpdate(Command.java:256)
	at org.h2.jdbc.JdbcPreparedStatement.executeUpdateInternal(JdbcPreparedStatement.java:216)
	at org.h2.jdbc.JdbcPreparedStatement.executeUpdate(JdbcPreparedStatement.java:174)
	at com.zaxxer.hikari.pool.ProxyPreparedStatement.executeUpdate(ProxyPreparedStatement.java:61)
	at com.zaxxer.hikari.pool.HikariProxyPreparedStatement.executeUpdate(HikariProxyPreparedStatement.java)
	at org.hibernate.engine.jdbc.internal.ResultSetReturnImpl.executeUpdate(ResultSetReturnImpl.java:280)
	... 39 more
]]></error>
    <system-out><![CDATA[2026-03-17T17:21:00.577-03:00  WARN 23756 --- [           main] o.h.engine.jdbc.spi.SqlExceptionHelper   : SQL Error: 23503, SQLState: 23503
2026-03-17T17:21:00.578-03:00 ERROR 23756 --- [           main] o.h.engine.jdbc.spi.SqlExceptionHelper   : Referential integrity constraint violation: "FKP6IMMLRUSHWJ5J134GTLW8G10: PUBLIC.USUARIO_APIARIOS FOREIGN KEY(APIARIO_ID) REFERENCES PUBLIC.APIARIOS(ID) (CAST(1 AS BIGINT))"; SQL statement:
delete from apiarios where id=? [23503-224]
]]></system-out>
  </testcase>
  <testcase name="updateColmeia_owner_canUpdate" classname="com.apicultor.apicutor.controller.ColmeiaControllerTest" time="0.168">
    <error message="could not execute statement [Referential integrity constraint violation: &quot;FKP6IMMLRUSHWJ5J134GTLW8G10: PUBLIC.USUARIO_APIARIOS FOREIGN KEY(APIARIO_ID) REFERENCES PUBLIC.APIARIOS(ID) (CAST(1 AS BIGINT))&quot;; SQL statement:&#10;delete from apiarios where id=? [23503-224]] [delete from apiarios where id=?]; SQL [delete from apiarios where id=?]; constraint [&quot;FKP6IMMLRUSHWJ5J134GTLW8G10: PUBLIC.USUARIO_APIARIOS FOREIGN KEY(APIARIO_ID) REFERENCES PUBLIC.APIARIOS(ID) (CAST(1 AS BIGINT))&quot;; SQL statement:&#10;delete from apiarios where id=? [23503-224]]" type="org.springframework.dao.DataIntegrityViolationException"><![CDATA[org.springframework.dao.DataIntegrityViolationException: 
could not execute statement [Referential integrity constraint violation: "FKP6IMMLRUSHWJ5J134GTLW8G10: PUBLIC.USUARIO_APIARIOS FOREIGN KEY(APIARIO_ID) REFERENCES PUBLIC.APIARIOS(ID) (CAST(1 AS BIGINT))"; SQL statement:
delete from apiarios where id=? [23503-224]] [delete from apiarios where id=?]; SQL [delete from apiarios where id=?]; constraint ["FKP6IMMLRUSHWJ5J134GTLW8G10: PUBLIC.USUARIO_APIARIOS FOREIGN KEY(APIARIO_ID) REFERENCES PUBLIC.APIARIOS(ID) (CAST(1 AS BIGINT))"; SQL statement:
delete from apiarios where id=? [23503-224]]
	at org.springframework.orm.jpa.vendor.HibernateJpaDialect.convertHibernateAccessException(HibernateJpaDialect.java:290)
	at org.springframework.orm.jpa.vendor.HibernateJpaDialect.translateExceptionIfPossible(HibernateJpaDialect.java:241)
	at org.springframework.orm.jpa.JpaTransactionManager.doCommit(JpaTransactionManager.java:565)
	at org.springframework.transaction.support.AbstractPlatformTransactionManager.processCommit(AbstractPlatformTransactionManager.java:794)
	at org.springframework.transaction.support.AbstractPlatformTransactionManager.commit(AbstractPlatformTransactionManager.java:757)
	at org.springframework.transaction.interceptor.TransactionAspectSupport.commitTransactionAfterReturning(TransactionAspectSupport.java:669)
	at org.springframework.transaction.interceptor.TransactionAspectSupport.invokeWithinTransaction(TransactionAspectSupport.java:419)
	at org.springframework.transaction.interceptor.TransactionInterceptor.invoke(TransactionInterceptor.java:119)
	at org.springframework.aop.framework.ReflectiveMethodInvocation.proceed(ReflectiveMethodInvocation.java:184)
	at org.springframework.dao.support.PersistenceExceptionTranslationInterceptor.invoke(PersistenceExceptionTranslationInterceptor.java:137)
	at org.springframework.aop.framework.ReflectiveMethodInvocation.proceed(ReflectiveMethodInvocation.java:184)
	at org.springframework.data.jpa.repository.support.CrudMethodMetadataPostProcessor$CrudMethodMetadataPopulatingMethodInterceptor.invoke(CrudMethodMetadataPostProcessor.java:164)
	at org.springframework.aop.framework.ReflectiveMethodInvocation.proceed(ReflectiveMethodInvocation.java:184)
	at org.springframework.aop.interceptor.ExposeInvocationInterceptor.invoke(ExposeInvocationInterceptor.java:97)
	at org.springframework.aop.framework.ReflectiveMethodInvocation.proceed(ReflectiveMethodInvocation.java:184)
	at org.springframework.aop.framework.JdkDynamicAopProxy.invoke(JdkDynamicAopProxy.java:249)
	at jdk.proxy2/jdk.proxy2.$Proxy163.deleteAll(Unknown Source)
	at com.apicultor.apicutor.controller.ColmeiaControllerTest.setup(ColmeiaControllerTest.java:59)
	at java.base/java.lang.reflect.Method.invoke(Method.java:580)
	at java.base/java.util.ArrayList.forEach(ArrayList.java:1596)
	at java.base/java.util.ArrayList.forEach(ArrayList.java:1596)
Caused by: org.hibernate.exception.ConstraintViolationException: could not execute statement [Referential integrity constraint violation: "FKP6IMMLRUSHWJ5J134GTLW8G10: PUBLIC.USUARIO_APIARIOS FOREIGN KEY(APIARIO_ID) REFERENCES PUBLIC.APIARIOS(ID) (CAST(1 AS BIGINT))"; SQL statement:
delete from apiarios where id=? [23503-224]] [delete from apiarios where id=?]
	at org.hibernate.exception.internal.SQLExceptionTypeDelegate.convert(SQLExceptionTypeDelegate.java:62)
	at org.hibernate.exception.internal.StandardSQLExceptionConverter.convert(StandardSQLExceptionConverter.java:58)
	at org.hibernate.engine.jdbc.spi.SqlExceptionHelper.convert(SqlExceptionHelper.java:108)
	at org.hibernate.engine.jdbc.internal.ResultSetReturnImpl.executeUpdate(ResultSetReturnImpl.java:283)
	at org.hibernate.engine.jdbc.mutation.internal.AbstractMutationExecutor.performNonBatchedMutation(AbstractMutationExecutor.java:107)
	at org.hibernate.engine.jdbc.mutation.internal.MutationExecutorSingleNonBatched.performNonBatchedOperations(MutationExecutorSingleNonBatched.java:40)
	at org.hibernate.engine.jdbc.mutation.internal.AbstractMutationExecutor.execute(AbstractMutationExecutor.java:52)
	at org.hibernate.persister.entity.mutation.DeleteCoordinator.doStaticDelete(DeleteCoordinator.java:267)
	at org.hibernate.persister.entity.mutation.DeleteCoordinator.coordinateDelete(DeleteCoordinator.java:86)
	at org.hibernate.persister.entity.AbstractEntityPersister.delete(AbstractEntityPersister.java:2971)
	at org.hibernate.action.internal.EntityDeleteAction.execute(EntityDeleteAction.java:131)
	at org.hibernate.engine.spi.ActionQueue.executeActions(ActionQueue.java:631)
	at org.hibernate.engine.spi.ActionQueue.executeActions(ActionQueue.java:498)
	at org.hibernate.event.internal.AbstractFlushingEventListener.performExecutions(AbstractFlushingEventListener.java:363)
	at org.hibernate.event.internal.DefaultFlushEventListener.onFlush(DefaultFlushEventListener.java:39)
	at org.hibernate.event.service.internal.EventListenerGroupImpl.fireEventOnEachListener(EventListenerGroupImpl.java:127)
	at org.hibernate.internal.SessionImpl.doFlush(SessionImpl.java:1415)
	at org.hibernate.internal.SessionImpl.managedFlush(SessionImpl.java:496)
	at org.hibernate.internal.SessionImpl.flushBeforeTransactionCompletion(SessionImpl.java:2325)
	at org.hibernate.internal.SessionImpl.beforeTransactionCompletion(SessionImpl.java:1988)
	at org.hibernate.engine.jdbc.internal.JdbcCoordinatorImpl.beforeTransactionCompletion(JdbcCoordinatorImpl.java:439)
	at org.hibernate.resource.transaction.backend.jdbc.internal.JdbcResourceLocalTransactionCoordinatorImpl.beforeCompletionCallback(JdbcResourceLocalTransactionCoordinatorImpl.java:169)
	at org.hibernate.resource.transaction.backend.jdbc.internal.JdbcResourceLocalTransactionCoordinatorImpl$TransactionDriverControlImpl.commit(JdbcResourceLocalTransactionCoordinatorImpl.java:267)
	at org.hibernate.engine.transaction.internal.TransactionImpl.commit(TransactionImpl.java:101)
	at org.springframework.orm.jpa.JpaTransactionManager.doCommit(JpaTransactionManager.java:561)
	... 18 more
Caused by: org.h2.jdbc.JdbcSQLIntegrityConstraintViolationException: Referential integrity constraint violation: "FKP6IMMLRUSHWJ5J134GTLW8G10: PUBLIC.USUARIO_APIARIOS FOREIGN KEY(APIARIO_ID) REFERENCES PUBLIC.APIARIOS(ID) (CAST(1 AS BIGINT))"; SQL statement:
delete from apiarios where id=? [23503-224]
	at org.h2.message.DbException.getJdbcSQLException(DbException.java:520)
	at org.h2.message.DbException.getJdbcSQLException(DbException.java:489)
	at org.h2.message.DbException.get(DbException.java:223)
	at org.h2.message.DbException.get(DbException.java:199)
	at org.h2.constraint.ConstraintReferential.checkRow(ConstraintReferential.java:365)
	at org.h2.constraint.ConstraintReferential.checkRowRefTable(ConstraintReferential.java:382)
	at org.h2.constraint.ConstraintReferential.checkRow(ConstraintReferential.java:256)
	at org.h2.table.Table.fireConstraints(Table.java:1200)
	at org.h2.table.Table.fireAfterRow(Table.java:1218)
	at org.h2.command.dml.Delete.update(Delete.java:92)
	at org.h2.command.dml.DataChangeStatement.update(DataChangeStatement.java:74)
	at org.h2.command.CommandContainer.update(CommandContainer.java:169)
	at org.h2.command.Command.executeUpdate(Command.java:256)
	at org.h2.jdbc.JdbcPreparedStatement.executeUpdateInternal(JdbcPreparedStatement.java:216)
	at org.h2.jdbc.JdbcPreparedStatement.executeUpdate(JdbcPreparedStatement.java:174)
	at com.zaxxer.hikari.pool.ProxyPreparedStatement.executeUpdate(ProxyPreparedStatement.java:61)
	at com.zaxxer.hikari.pool.HikariProxyPreparedStatement.executeUpdate(HikariProxyPreparedStatement.java)
	at org.hibernate.engine.jdbc.internal.ResultSetReturnImpl.executeUpdate(ResultSetReturnImpl.java:280)
	... 39 more
]]></error>
    <system-out><![CDATA[2026-03-17T17:21:00.805-03:00  WARN 23756 --- [           main] o.h.engine.jdbc.spi.SqlExceptionHelper   : SQL Error: 23503, SQLState: 23503
2026-03-17T17:21:00.807-03:00 ERROR 23756 --- [           main] o.h.engine.jdbc.spi.SqlExceptionHelper   : Referential integrity constraint violation: "FKP6IMMLRUSHWJ5J134GTLW8G10: PUBLIC.USUARIO_APIARIOS FOREIGN KEY(APIARIO_ID) REFERENCES PUBLIC.APIARIOS(ID) (CAST(1 AS BIGINT))"; SQL statement:
delete from apiarios where id=? [23503-224]
]]></system-out>
  </testcase>
  <testcase name="deleteColmeia_funcionario_forbidden" classname="com.apicultor.apicutor.controller.ColmeiaControllerTest" time="0.065">
    <error message="could not execute statement [Referential integrity constraint violation: &quot;FKP6IMMLRUSHWJ5J134GTLW8G10: PUBLIC.USUARIO_APIARIOS FOREIGN KEY(APIARIO_ID) REFERENCES PUBLIC.APIARIOS(ID) (CAST(1 AS BIGINT))&quot;; SQL statement:&#10;delete from apiarios where id=? [23503-224]] [delete from apiarios where id=?]; SQL [delete from apiarios where id=?]; constraint [&quot;FKP6IMMLRUSHWJ5J134GTLW8G10: PUBLIC.USUARIO_APIARIOS FOREIGN KEY(APIARIO_ID) REFERENCES PUBLIC.APIARIOS(ID) (CAST(1 AS BIGINT))&quot;; SQL statement:&#10;delete from apiarios where id=? [23503-224]]" type="org.springframework.dao.DataIntegrityViolationException"><![CDATA[org.springframework.dao.DataIntegrityViolationException: 
could not execute statement [Referential integrity constraint violation: "FKP6IMMLRUSHWJ5J134GTLW8G10: PUBLIC.USUARIO_APIARIOS FOREIGN KEY(APIARIO_ID) REFERENCES PUBLIC.APIARIOS(ID) (CAST(1 AS BIGINT))"; SQL statement:
delete from apiarios where id=? [23503-224]] [delete from apiarios where id=?]; SQL [delete from apiarios where id=?]; constraint ["FKP6IMMLRUSHWJ5J134GTLW8G10: PUBLIC.USUARIO_APIARIOS FOREIGN KEY(APIARIO_ID) REFERENCES PUBLIC.APIARIOS(ID) (CAST(1 AS BIGINT))"; SQL statement:
delete from apiarios where id=? [23503-224]]
	at org.springframework.orm.jpa.vendor.HibernateJpaDialect.convertHibernateAccessException(HibernateJpaDialect.java:290)
	at org.springframework.orm.jpa.vendor.HibernateJpaDialect.translateExceptionIfPossible(HibernateJpaDialect.java:241)
	at org.springframework.orm.jpa.JpaTransactionManager.doCommit(JpaTransactionManager.java:565)
	at org.springframework.transaction.support.AbstractPlatformTransactionManager.processCommit(AbstractPlatformTransactionManager.java:794)
	at org.springframework.transaction.support.AbstractPlatformTransactionManager.commit(AbstractPlatformTransactionManager.java:757)
	at org.springframework.transaction.interceptor.TransactionAspectSupport.commitTransactionAfterReturning(TransactionAspectSupport.java:669)
	at org.springframework.transaction.interceptor.TransactionAspectSupport.invokeWithinTransaction(TransactionAspectSupport.java:419)
	at org.springframework.transaction.interceptor.TransactionInterceptor.invoke(TransactionInterceptor.java:119)
	at org.springframework.aop.framework.ReflectiveMethodInvocation.proceed(ReflectiveMethodInvocation.java:184)
	at org.springframework.dao.support.PersistenceExceptionTranslationInterceptor.invoke(PersistenceExceptionTranslationInterceptor.java:137)
	at org.springframework.aop.framework.ReflectiveMethodInvocation.proceed(ReflectiveMethodInvocation.java:184)
	at org.springframework.data.jpa.repository.support.CrudMethodMetadataPostProcessor$CrudMethodMetadataPopulatingMethodInterceptor.invoke(CrudMethodMetadataPostProcessor.java:164)
	at org.springframework.aop.framework.ReflectiveMethodInvocation.proceed(ReflectiveMethodInvocation.java:184)
	at org.springframework.aop.interceptor.ExposeInvocationInterceptor.invoke(ExposeInvocationInterceptor.java:97)
	at org.springframework.aop.framework.ReflectiveMethodInvocation.proceed(ReflectiveMethodInvocation.java:184)
	at org.springframework.aop.framework.JdkDynamicAopProxy.invoke(JdkDynamicAopProxy.java:249)
	at jdk.proxy2/jdk.proxy2.$Proxy163.deleteAll(Unknown Source)
	at com.apicultor.apicutor.controller.ColmeiaControllerTest.setup(ColmeiaControllerTest.java:59)
	at java.base/java.lang.reflect.Method.invoke(Method.java:580)
	at java.base/java.util.ArrayList.forEach(ArrayList.java:1596)
	at java.base/java.util.ArrayList.forEach(ArrayList.java:1596)
Caused by: org.hibernate.exception.ConstraintViolationException: could not execute statement [Referential integrity constraint violation: "FKP6IMMLRUSHWJ5J134GTLW8G10: PUBLIC.USUARIO_APIARIOS FOREIGN KEY(APIARIO_ID) REFERENCES PUBLIC.APIARIOS(ID) (CAST(1 AS BIGINT))"; SQL statement:
delete from apiarios where id=? [23503-224]] [delete from apiarios where id=?]
	at org.hibernate.exception.internal.SQLExceptionTypeDelegate.convert(SQLExceptionTypeDelegate.java:62)
	at org.hibernate.exception.internal.StandardSQLExceptionConverter.convert(StandardSQLExceptionConverter.java:58)
	at org.hibernate.engine.jdbc.spi.SqlExceptionHelper.convert(SqlExceptionHelper.java:108)
	at org.hibernate.engine.jdbc.internal.ResultSetReturnImpl.executeUpdate(ResultSetReturnImpl.java:283)
	at org.hibernate.engine.jdbc.mutation.internal.AbstractMutationExecutor.performNonBatchedMutation(AbstractMutationExecutor.java:107)
	at org.hibernate.engine.jdbc.mutation.internal.MutationExecutorSingleNonBatched.performNonBatchedOperations(MutationExecutorSingleNonBatched.java:40)
	at org.hibernate.engine.jdbc.mutation.internal.AbstractMutationExecutor.execute(AbstractMutationExecutor.java:52)
	at org.hibernate.persister.entity.mutation.DeleteCoordinator.doStaticDelete(DeleteCoordinator.java:267)
	at org.hibernate.persister.entity.mutation.DeleteCoordinator.coordinateDelete(DeleteCoordinator.java:86)
	at org.hibernate.persister.entity.AbstractEntityPersister.delete(AbstractEntityPersister.java:2971)
	at org.hibernate.action.internal.EntityDeleteAction.execute(EntityDeleteAction.java:131)
	at org.hibernate.engine.spi.ActionQueue.executeActions(ActionQueue.java:631)
	at org.hibernate.engine.spi.ActionQueue.executeActions(ActionQueue.java:498)
	at org.hibernate.event.internal.AbstractFlushingEventListener.performExecutions(AbstractFlushingEventListener.java:363)
	at org.hibernate.event.internal.DefaultFlushEventListener.onFlush(DefaultFlushEventListener.java:39)
	at org.hibernate.event.service.internal.EventListenerGroupImpl.fireEventOnEachListener(EventListenerGroupImpl.java:127)
	at org.hibernate.internal.SessionImpl.doFlush(SessionImpl.java:1415)
	at org.hibernate.internal.SessionImpl.managedFlush(SessionImpl.java:496)
	at org.hibernate.internal.SessionImpl.flushBeforeTransactionCompletion(SessionImpl.java:2325)
	at org.hibernate.internal.SessionImpl.beforeTransactionCompletion(SessionImpl.java:1988)
	at org.hibernate.engine.jdbc.internal.JdbcCoordinatorImpl.beforeTransactionCompletion(JdbcCoordinatorImpl.java:439)
	at org.hibernate.resource.transaction.backend.jdbc.internal.JdbcResourceLocalTransactionCoordinatorImpl.beforeCompletionCallback(JdbcResourceLocalTransactionCoordinatorImpl.java:169)
	at org.hibernate.resource.transaction.backend.jdbc.internal.JdbcResourceLocalTransactionCoordinatorImpl$TransactionDriverControlImpl.commit(JdbcResourceLocalTransactionCoordinatorImpl.java:267)
	at org.hibernate.engine.transaction.internal.TransactionImpl.commit(TransactionImpl.java:101)
	at org.springframework.orm.jpa.JpaTransactionManager.doCommit(JpaTransactionManager.java:561)
	... 18 more
Caused by: org.h2.jdbc.JdbcSQLIntegrityConstraintViolationException: Referential integrity constraint violation: "FKP6IMMLRUSHWJ5J134GTLW8G10: PUBLIC.USUARIO_APIARIOS FOREIGN KEY(APIARIO_ID) REFERENCES PUBLIC.APIARIOS(ID) (CAST(1 AS BIGINT))"; SQL statement:
delete from apiarios where id=? [23503-224]
	at org.h2.message.DbException.getJdbcSQLException(DbException.java:520)
	at org.h2.message.DbException.getJdbcSQLException(DbException.java:489)
	at org.h2.message.DbException.get(DbException.java:223)
	at org.h2.message.DbException.get(DbException.java:199)
	at org.h2.constraint.ConstraintReferential.checkRow(ConstraintReferential.java:365)
	at org.h2.constraint.ConstraintReferential.checkRowRefTable(ConstraintReferential.java:382)
	at org.h2.constraint.ConstraintReferential.checkRow(ConstraintReferential.java:256)
	at org.h2.table.Table.fireConstraints(Table.java:1200)
	at org.h2.table.Table.fireAfterRow(Table.java:1218)
	at org.h2.command.dml.Delete.update(Delete.java:92)
	at org.h2.command.dml.DataChangeStatement.update(DataChangeStatement.java:74)
	at org.h2.command.CommandContainer.update(CommandContainer.java:169)
	at org.h2.command.Command.executeUpdate(Command.java:256)
	at org.h2.jdbc.JdbcPreparedStatement.executeUpdateInternal(JdbcPreparedStatement.java:216)
	at org.h2.jdbc.JdbcPreparedStatement.executeUpdate(JdbcPreparedStatement.java:174)
	at com.zaxxer.hikari.pool.ProxyPreparedStatement.executeUpdate(ProxyPreparedStatement.java:61)
	at com.zaxxer.hikari.pool.HikariProxyPreparedStatement.executeUpdate(HikariProxyPreparedStatement.java)
	at org.hibernate.engine.jdbc.internal.ResultSetReturnImpl.executeUpdate(ResultSetReturnImpl.java:280)
	... 39 more
]]></error>
    <system-out><![CDATA[2026-03-17T17:21:00.926-03:00  WARN 23756 --- [           main] o.h.engine.jdbc.spi.SqlExceptionHelper   : SQL Error: 23503, SQLState: 23503
2026-03-17T17:21:00.927-03:00 ERROR 23756 --- [           main] o.h.engine.jdbc.spi.SqlExceptionHelper   : Referential integrity constraint violation: "FKP6IMMLRUSHWJ5J134GTLW8G10: PUBLIC.USUARIO_APIARIOS FOREIGN KEY(APIARIO_ID) REFERENCES PUBLIC.APIARIOS(ID) (CAST(1 AS BIGINT))"; SQL statement:
delete from apiarios where id=? [23503-224]
]]></system-out>
  </testcase>
  <testcase name="createColmeia_acceptsApiarioIdAndIdentificacao" classname="com.apicultor.apicutor.controller.ColmeiaControllerTest" time="0.126">
    <error message="could not execute statement [Referential integrity constraint violation: &quot;FKP6IMMLRUSHWJ5J134GTLW8G10: PUBLIC.USUARIO_APIARIOS FOREIGN KEY(APIARIO_ID) REFERENCES PUBLIC.APIARIOS(ID) (CAST(1 AS BIGINT))&quot;; SQL statement:&#10;delete from apiarios where id=? [23503-224]] [delete from apiarios where id=?]; SQL [delete from apiarios where id=?]; constraint [&quot;FKP6IMMLRUSHWJ5J134GTLW8G10: PUBLIC.USUARIO_APIARIOS FOREIGN KEY(APIARIO_ID) REFERENCES PUBLIC.APIARIOS(ID) (CAST(1 AS BIGINT))&quot;; SQL statement:&#10;delete from apiarios where id=? [23503-224]]" type="org.springframework.dao.DataIntegrityViolationException"><![CDATA[org.springframework.dao.DataIntegrityViolationException: 
could not execute statement [Referential integrity constraint violation: "FKP6IMMLRUSHWJ5J134GTLW8G10: PUBLIC.USUARIO_APIARIOS FOREIGN KEY(APIARIO_ID) REFERENCES PUBLIC.APIARIOS(ID) (CAST(1 AS BIGINT))"; SQL statement:
delete from apiarios where id=? [23503-224]] [delete from apiarios where id=?]; SQL [delete from apiarios where id=?]; constraint ["FKP6IMMLRUSHWJ5J134GTLW8G10: PUBLIC.USUARIO_APIARIOS FOREIGN KEY(APIARIO_ID) REFERENCES PUBLIC.APIARIOS(ID) (CAST(1 AS BIGINT))"; SQL statement:
delete from apiarios where id=? [23503-224]]
	at org.springframework.orm.jpa.vendor.HibernateJpaDialect.convertHibernateAccessException(HibernateJpaDialect.java:290)
	at org.springframework.orm.jpa.vendor.HibernateJpaDialect.translateExceptionIfPossible(HibernateJpaDialect.java:241)
	at org.springframework.orm.jpa.JpaTransactionManager.doCommit(JpaTransactionManager.java:565)
	at org.springframework.transaction.support.AbstractPlatformTransactionManager.processCommit(AbstractPlatformTransactionManager.java:794)
	at org.springframework.transaction.support.AbstractPlatformTransactionManager.commit(AbstractPlatformTransactionManager.java:757)
	at org.springframework.transaction.interceptor.TransactionAspectSupport.commitTransactionAfterReturning(TransactionAspectSupport.java:669)
	at org.springframework.transaction.interceptor.TransactionAspectSupport.invokeWithinTransaction(TransactionAspectSupport.java:419)
	at org.springframework.transaction.interceptor.TransactionInterceptor.invoke(TransactionInterceptor.java:119)
	at org.springframework.aop.framework.ReflectiveMethodInvocation.proceed(ReflectiveMethodInvocation.java:184)
	at org.springframework.dao.support.PersistenceExceptionTranslationInterceptor.invoke(PersistenceExceptionTranslationInterceptor.java:137)
	at org.springframework.aop.framework.ReflectiveMethodInvocation.proceed(ReflectiveMethodInvocation.java:184)
	at org.springframework.data.jpa.repository.support.CrudMethodMetadataPostProcessor$CrudMethodMetadataPopulatingMethodInterceptor.invoke(CrudMethodMetadataPostProcessor.java:164)
	at org.springframework.aop.framework.ReflectiveMethodInvocation.proceed(ReflectiveMethodInvocation.java:184)
	at org.springframework.aop.interceptor.ExposeInvocationInterceptor.invoke(ExposeInvocationInterceptor.java:97)
	at org.springframework.aop.framework.ReflectiveMethodInvocation.proceed(ReflectiveMethodInvocation.java:184)
	at org.springframework.aop.framework.JdkDynamicAopProxy.invoke(JdkDynamicAopProxy.java:249)
	at jdk.proxy2/jdk.proxy2.$Proxy163.deleteAll(Unknown Source)
	at com.apicultor.apicutor.controller.ColmeiaControllerTest.setup(ColmeiaControllerTest.java:59)
	at java.base/java.lang.reflect.Method.invoke(Method.java:580)
	at java.base/java.util.ArrayList.forEach(ArrayList.java:1596)
	at java.base/java.util.ArrayList.forEach(ArrayList.java:1596)
Caused by: org.hibernate.exception.ConstraintViolationException: could not execute statement [Referential integrity constraint violation: "FKP6IMMLRUSHWJ5J134GTLW8G10: PUBLIC.USUARIO_APIARIOS FOREIGN KEY(APIARIO_ID) REFERENCES PUBLIC.APIARIOS(ID) (CAST(1 AS BIGINT))"; SQL statement:
delete from apiarios where id=? [23503-224]] [delete from apiarios where id=?]
	at org.hibernate.exception.internal.SQLExceptionTypeDelegate.convert(SQLExceptionTypeDelegate.java:62)
	at org.hibernate.exception.internal.StandardSQLExceptionConverter.convert(StandardSQLExceptionConverter.java:58)
	at org.hibernate.engine.jdbc.spi.SqlExceptionHelper.convert(SqlExceptionHelper.java:108)
	at org.hibernate.engine.jdbc.internal.ResultSetReturnImpl.executeUpdate(ResultSetReturnImpl.java:283)
	at org.hibernate.engine.jdbc.mutation.internal.AbstractMutationExecutor.performNonBatchedMutation(AbstractMutationExecutor.java:107)
	at org.hibernate.engine.jdbc.mutation.internal.MutationExecutorSingleNonBatched.performNonBatchedOperations(MutationExecutorSingleNonBatched.java:40)
	at org.hibernate.engine.jdbc.mutation.internal.AbstractMutationExecutor.execute(AbstractMutationExecutor.java:52)
	at org.hibernate.persister.entity.mutation.DeleteCoordinator.doStaticDelete(DeleteCoordinator.java:267)
	at org.hibernate.persister.entity.mutation.DeleteCoordinator.coordinateDelete(DeleteCoordinator.java:86)
	at org.hibernate.persister.entity.AbstractEntityPersister.delete(AbstractEntityPersister.java:2971)
	at org.hibernate.action.internal.EntityDeleteAction.execute(EntityDeleteAction.java:131)
	at org.hibernate.engine.spi.ActionQueue.executeActions(ActionQueue.java:631)
	at org.hibernate.engine.spi.ActionQueue.executeActions(ActionQueue.java:498)
	at org.hibernate.event.internal.AbstractFlushingEventListener.performExecutions(AbstractFlushingEventListener.java:363)
	at org.hibernate.event.internal.DefaultFlushEventListener.onFlush(DefaultFlushEventListener.java:39)
	at org.hibernate.event.service.internal.EventListenerGroupImpl.fireEventOnEachListener(EventListenerGroupImpl.java:127)
	at org.hibernate.internal.SessionImpl.doFlush(SessionImpl.java:1415)
	at org.hibernate.internal.SessionImpl.managedFlush(SessionImpl.java:496)
	at org.hibernate.internal.SessionImpl.flushBeforeTransactionCompletion(SessionImpl.java:2325)
	at org.hibernate.internal.SessionImpl.beforeTransactionCompletion(SessionImpl.java:1988)
	at org.hibernate.engine.jdbc.internal.JdbcCoordinatorImpl.beforeTransactionCompletion(JdbcCoordinatorImpl.java:439)
	at org.hibernate.resource.transaction.backend.jdbc.internal.JdbcResourceLocalTransactionCoordinatorImpl.beforeCompletionCallback(JdbcResourceLocalTransactionCoordinatorImpl.java:169)
	at org.hibernate.resource.transaction.backend.jdbc.internal.JdbcResourceLocalTransactionCoordinatorImpl$TransactionDriverControlImpl.commit(JdbcResourceLocalTransactionCoordinatorImpl.java:267)
	at org.hibernate.engine.transaction.internal.TransactionImpl.commit(TransactionImpl.java:101)
	at org.springframework.orm.jpa.JpaTransactionManager.doCommit(JpaTransactionManager.java:561)
	... 18 more
Caused by: org.h2.jdbc.JdbcSQLIntegrityConstraintViolationException: Referential integrity constraint violation: "FKP6IMMLRUSHWJ5J134GTLW8G10: PUBLIC.USUARIO_APIARIOS FOREIGN KEY(APIARIO_ID) REFERENCES PUBLIC.APIARIOS(ID) (CAST(1 AS BIGINT))"; SQL statement:
delete from apiarios where id=? [23503-224]
	at org.h2.message.DbException.getJdbcSQLException(DbException.java:520)
	at org.h2.message.DbException.getJdbcSQLException(DbException.java:489)
	at org.h2.message.DbException.get(DbException.java:223)
	at org.h2.message.DbException.get(DbException.java:199)
	at org.h2.constraint.ConstraintReferential.checkRow(ConstraintReferential.java:365)
	at org.h2.constraint.ConstraintReferential.checkRowRefTable(ConstraintReferential.java:382)
	at org.h2.constraint.ConstraintReferential.checkRow(ConstraintReferential.java:256)
	at org.h2.table.Table.fireConstraints(Table.java:1200)
	at org.h2.table.Table.fireAfterRow(Table.java:1218)
	at org.h2.command.dml.Delete.update(Delete.java:92)
	at org.h2.command.dml.DataChangeStatement.update(DataChangeStatement.java:74)
	at org.h2.command.CommandContainer.update(CommandContainer.java:169)
	at org.h2.command.Command.executeUpdate(Command.java:256)
	at org.h2.jdbc.JdbcPreparedStatement.executeUpdateInternal(JdbcPreparedStatement.java:216)
	at org.h2.jdbc.JdbcPreparedStatement.executeUpdate(JdbcPreparedStatement.java:174)
	at com.zaxxer.hikari.pool.ProxyPreparedStatement.executeUpdate(ProxyPreparedStatement.java:61)
	at com.zaxxer.hikari.pool.HikariProxyPreparedStatement.executeUpdate(HikariProxyPreparedStatement.java)
	at org.hibernate.engine.jdbc.internal.ResultSetReturnImpl.executeUpdate(ResultSetReturnImpl.java:280)
	... 39 more
]]></error>
    <system-out><![CDATA[2026-03-17T17:21:01.060-03:00  WARN 23756 --- [           main] o.h.engine.jdbc.spi.SqlExceptionHelper   : SQL Error: 23503, SQLState: 23503
2026-03-17T17:21:01.061-03:00 ERROR 23756 --- [           main] o.h.engine.jdbc.spi.SqlExceptionHelper   : Referential integrity constraint violation: "FKP6IMMLRUSHWJ5J134GTLW8G10: PUBLIC.USUARIO_APIARIOS FOREIGN KEY(APIARIO_ID) REFERENCES PUBLIC.APIARIOS(ID) (CAST(1 AS BIGINT))"; SQL statement:
delete from apiarios where id=? [23503-224]
]]></system-out>
  </testcase>
  <testcase name="updateColmeia_funcionario_forbidden" classname="com.apicultor.apicutor.controller.ColmeiaControllerTest" time="0.1">
    <error message="could not execute statement [Referential integrity constraint violation: &quot;FKP6IMMLRUSHWJ5J134GTLW8G10: PUBLIC.USUARIO_APIARIOS FOREIGN KEY(APIARIO_ID) REFERENCES PUBLIC.APIARIOS(ID) (CAST(1 AS BIGINT))&quot;; SQL statement:&#10;delete from apiarios where id=? [23503-224]] [delete from apiarios where id=?]; SQL [delete from apiarios where id=?]; constraint [&quot;FKP6IMMLRUSHWJ5J134GTLW8G10: PUBLIC.USUARIO_APIARIOS FOREIGN KEY(APIARIO_ID) REFERENCES PUBLIC.APIARIOS(ID) (CAST(1 AS BIGINT))&quot;; SQL statement:&#10;delete from apiarios where id=? [23503-224]]" type="org.springframework.dao.DataIntegrityViolationException"><![CDATA[org.springframework.dao.DataIntegrityViolationException: 
could not execute statement [Referential integrity constraint violation: "FKP6IMMLRUSHWJ5J134GTLW8G10: PUBLIC.USUARIO_APIARIOS FOREIGN KEY(APIARIO_ID) REFERENCES PUBLIC.APIARIOS(ID) (CAST(1 AS BIGINT))"; SQL statement:
delete from apiarios where id=? [23503-224]] [delete from apiarios where id=?]; SQL [delete from apiarios where id=?]; constraint ["FKP6IMMLRUSHWJ5J134GTLW8G10: PUBLIC.USUARIO_APIARIOS FOREIGN KEY(APIARIO_ID) REFERENCES PUBLIC.APIARIOS(ID) (CAST(1 AS BIGINT))"; SQL statement:
delete from apiarios where id=? [23503-224]]
	at org.springframework.orm.jpa.vendor.HibernateJpaDialect.convertHibernateAccessException(HibernateJpaDialect.java:290)
	at org.springframework.orm.jpa.vendor.HibernateJpaDialect.translateExceptionIfPossible(HibernateJpaDialect.java:241)
	at org.springframework.orm.jpa.JpaTransactionManager.doCommit(JpaTransactionManager.java:565)
	at org.springframework.transaction.support.AbstractPlatformTransactionManager.processCommit(AbstractPlatformTransactionManager.java:794)
	at org.springframework.transaction.support.AbstractPlatformTransactionManager.commit(AbstractPlatformTransactionManager.java:757)
	at org.springframework.transaction.interceptor.TransactionAspectSupport.commitTransactionAfterReturning(TransactionAspectSupport.java:669)
	at org.springframework.transaction.interceptor.TransactionAspectSupport.invokeWithinTransaction(TransactionAspectSupport.java:419)
	at org.springframework.transaction.interceptor.TransactionInterceptor.invoke(TransactionInterceptor.java:119)
	at org.springframework.aop.framework.ReflectiveMethodInvocation.proceed(ReflectiveMethodInvocation.java:184)
	at org.springframework.dao.support.PersistenceExceptionTranslationInterceptor.invoke(PersistenceExceptionTranslationInterceptor.java:137)
	at org.springframework.aop.framework.ReflectiveMethodInvocation.proceed(ReflectiveMethodInvocation.java:184)
	at org.springframework.data.jpa.repository.support.CrudMethodMetadataPostProcessor$CrudMethodMetadataPopulatingMethodInterceptor.invoke(CrudMethodMetadataPostProcessor.java:164)
	at org.springframework.aop.framework.ReflectiveMethodInvocation.proceed(ReflectiveMethodInvocation.java:184)
	at org.springframework.aop.interceptor.ExposeInvocationInterceptor.invoke(ExposeInvocationInterceptor.java:97)
	at org.springframework.aop.framework.ReflectiveMethodInvocation.proceed(ReflectiveMethodInvocation.java:184)
	at org.springframework.aop.framework.JdkDynamicAopProxy.invoke(JdkDynamicAopProxy.java:249)
	at jdk.proxy2/jdk.proxy2.$Proxy163.deleteAll(Unknown Source)
	at com.apicultor.apicutor.controller.ColmeiaControllerTest.setup(ColmeiaControllerTest.java:59)
	at java.base/java.lang.reflect.Method.invoke(Method.java:580)
	at java.base/java.util.ArrayList.forEach(ArrayList.java:1596)
	at java.base/java.util.ArrayList.forEach(ArrayList.java:1596)
Caused by: org.hibernate.exception.ConstraintViolationException: could not execute statement [Referential integrity constraint violation: "FKP6IMMLRUSHWJ5J134GTLW8G10: PUBLIC.USUARIO_APIARIOS FOREIGN KEY(APIARIO_ID) REFERENCES PUBLIC.APIARIOS(ID) (CAST(1 AS BIGINT))"; SQL statement:
delete from apiarios where id=? [23503-224]] [delete from apiarios where id=?]
	at org.hibernate.exception.internal.SQLExceptionTypeDelegate.convert(SQLExceptionTypeDelegate.java:62)
	at org.hibernate.exception.internal.StandardSQLExceptionConverter.convert(StandardSQLExceptionConverter.java:58)
	at org.hibernate.engine.jdbc.spi.SqlExceptionHelper.convert(SqlExceptionHelper.java:108)
	at org.hibernate.engine.jdbc.internal.ResultSetReturnImpl.executeUpdate(ResultSetReturnImpl.java:283)
	at org.hibernate.engine.jdbc.mutation.internal.AbstractMutationExecutor.performNonBatchedMutation(AbstractMutationExecutor.java:107)
	at org.hibernate.engine.jdbc.mutation.internal.MutationExecutorSingleNonBatched.performNonBatchedOperations(MutationExecutorSingleNonBatched.java:40)
	at org.hibernate.engine.jdbc.mutation.internal.AbstractMutationExecutor.execute(AbstractMutationExecutor.java:52)
	at org.hibernate.persister.entity.mutation.DeleteCoordinator.doStaticDelete(DeleteCoordinator.java:267)
	at org.hibernate.persister.entity.mutation.DeleteCoordinator.coordinateDelete(DeleteCoordinator.java:86)
	at org.hibernate.persister.entity.AbstractEntityPersister.delete(AbstractEntityPersister.java:2971)
	at org.hibernate.action.internal.EntityDeleteAction.execute(EntityDeleteAction.java:131)
	at org.hibernate.engine.spi.ActionQueue.executeActions(ActionQueue.java:631)
	at org.hibernate.engine.spi.ActionQueue.executeActions(ActionQueue.java:498)
	at org.hibernate.event.internal.AbstractFlushingEventListener.performExecutions(AbstractFlushingEventListener.java:363)
	at org.hibernate.event.internal.DefaultFlushEventListener.onFlush(DefaultFlushEventListener.java:39)
	at org.hibernate.event.service.internal.EventListenerGroupImpl.fireEventOnEachListener(EventListenerGroupImpl.java:127)
	at org.hibernate.internal.SessionImpl.doFlush(SessionImpl.java:1415)
	at org.hibernate.internal.SessionImpl.managedFlush(SessionImpl.java:496)
	at org.hibernate.internal.SessionImpl.flushBeforeTransactionCompletion(SessionImpl.java:2325)
	at org.hibernate.internal.SessionImpl.beforeTransactionCompletion(SessionImpl.java:1988)
	at org.hibernate.engine.jdbc.internal.JdbcCoordinatorImpl.beforeTransactionCompletion(JdbcCoordinatorImpl.java:439)
	at org.hibernate.resource.transaction.backend.jdbc.internal.JdbcResourceLocalTransactionCoordinatorImpl.beforeCompletionCallback(JdbcResourceLocalTransactionCoordinatorImpl.java:169)
	at org.hibernate.resource.transaction.backend.jdbc.internal.JdbcResourceLocalTransactionCoordinatorImpl$TransactionDriverControlImpl.commit(JdbcResourceLocalTransactionCoordinatorImpl.java:267)
	at org.hibernate.engine.transaction.internal.TransactionImpl.commit(TransactionImpl.java:101)
	at org.springframework.orm.jpa.JpaTransactionManager.doCommit(JpaTransactionManager.java:561)
	... 18 more
Caused by: org.h2.jdbc.JdbcSQLIntegrityConstraintViolationException: Referential integrity constraint violation: "FKP6IMMLRUSHWJ5J134GTLW8G10: PUBLIC.USUARIO_APIARIOS FOREIGN KEY(APIARIO_ID) REFERENCES PUBLIC.APIARIOS(ID) (CAST(1 AS BIGINT))"; SQL statement:
delete from apiarios where id=? [23503-224]
	at org.h2.message.DbException.getJdbcSQLException(DbException.java:520)
	at org.h2.message.DbException.getJdbcSQLException(DbException.java:489)
	at org.h2.message.DbException.get(DbException.java:223)
	at org.h2.message.DbException.get(DbException.java:199)
	at org.h2.constraint.ConstraintReferential.checkRow(ConstraintReferential.java:365)
	at org.h2.constraint.ConstraintReferential.checkRowRefTable(ConstraintReferential.java:382)
	at org.h2.constraint.ConstraintReferential.checkRow(ConstraintReferential.java:256)
	at org.h2.table.Table.fireConstraints(Table.java:1200)
	at org.h2.table.Table.fireAfterRow(Table.java:1218)
	at org.h2.command.dml.Delete.update(Delete.java:92)
	at org.h2.command.dml.DataChangeStatement.update(DataChangeStatement.java:74)
	at org.h2.command.CommandContainer.update(CommandContainer.java:169)
	at org.h2.command.Command.executeUpdate(Command.java:256)
	at org.h2.jdbc.JdbcPreparedStatement.executeUpdateInternal(JdbcPreparedStatement.java:216)
	at org.h2.jdbc.JdbcPreparedStatement.executeUpdate(JdbcPreparedStatement.java:174)
	at com.zaxxer.hikari.pool.ProxyPreparedStatement.executeUpdate(ProxyPreparedStatement.java:61)
	at com.zaxxer.hikari.pool.HikariProxyPreparedStatement.executeUpdate(HikariProxyPreparedStatement.java)
	at org.hibernate.engine.jdbc.internal.ResultSetReturnImpl.executeUpdate(ResultSetReturnImpl.java:280)
	... 39 more
]]></error>
    <system-out><![CDATA[2026-03-17T17:21:01.193-03:00  WARN 23756 --- [           main] o.h.engine.jdbc.spi.SqlExceptionHelper   : SQL Error: 23503, SQLState: 23503
2026-03-17T17:21:01.193-03:00 ERROR 23756 --- [           main] o.h.engine.jdbc.spi.SqlExceptionHelper   : Referential integrity constraint violation: "FKP6IMMLRUSHWJ5J134GTLW8G10: PUBLIC.USUARIO_APIARIOS FOREIGN KEY(APIARIO_ID) REFERENCES PUBLIC.APIARIOS(ID) (CAST(1 AS BIGINT))"; SQL statement:
delete from apiarios where id=? [23503-224]
]]></system-out>
  </testcase>
  <testcase name="deleteColmeia_owner_canDelete" classname="com.apicultor.apicutor.controller.ColmeiaControllerTest" time="0.07">
    <error message="could not execute statement [Referential integrity constraint violation: &quot;FKP6IMMLRUSHWJ5J134GTLW8G10: PUBLIC.USUARIO_APIARIOS FOREIGN KEY(APIARIO_ID) REFERENCES PUBLIC.APIARIOS(ID) (CAST(1 AS BIGINT))&quot;; SQL statement:&#10;delete from apiarios where id=? [23503-224]] [delete from apiarios where id=?]; SQL [delete from apiarios where id=?]; constraint [&quot;FKP6IMMLRUSHWJ5J134GTLW8G10: PUBLIC.USUARIO_APIARIOS FOREIGN KEY(APIARIO_ID) REFERENCES PUBLIC.APIARIOS(ID) (CAST(1 AS BIGINT))&quot;; SQL statement:&#10;delete from apiarios where id=? [23503-224]]" type="org.springframework.dao.DataIntegrityViolationException"><![CDATA[org.springframework.dao.DataIntegrityViolationException: 
could not execute statement [Referential integrity constraint violation: "FKP6IMMLRUSHWJ5J134GTLW8G10: PUBLIC.USUARIO_APIARIOS FOREIGN KEY(APIARIO_ID) REFERENCES PUBLIC.APIARIOS(ID) (CAST(1 AS BIGINT))"; SQL statement:
delete from apiarios where id=? [23503-224]] [delete from apiarios where id=?]; SQL [delete from apiarios where id=?]; constraint ["FKP6IMMLRUSHWJ5J134GTLW8G10: PUBLIC.USUARIO_APIARIOS FOREIGN KEY(APIARIO_ID) REFERENCES PUBLIC.APIARIOS(ID) (CAST(1 AS BIGINT))"; SQL statement:
delete from apiarios where id=? [23503-224]]
	at org.springframework.orm.jpa.vendor.HibernateJpaDialect.convertHibernateAccessException(HibernateJpaDialect.java:290)
	at org.springframework.orm.jpa.vendor.HibernateJpaDialect.translateExceptionIfPossible(HibernateJpaDialect.java:241)
	at org.springframework.orm.jpa.JpaTransactionManager.doCommit(JpaTransactionManager.java:565)
	at org.springframework.transaction.support.AbstractPlatformTransactionManager.processCommit(AbstractPlatformTransactionManager.java:794)
	at org.springframework.transaction.support.AbstractPlatformTransactionManager.commit(AbstractPlatformTransactionManager.java:757)
	at org.springframework.transaction.interceptor.TransactionAspectSupport.commitTransactionAfterReturning(TransactionAspectSupport.java:669)
	at org.springframework.transaction.interceptor.TransactionAspectSupport.invokeWithinTransaction(TransactionAspectSupport.java:419)
	at org.springframework.transaction.interceptor.TransactionInterceptor.invoke(TransactionInterceptor.java:119)
	at org.springframework.aop.framework.ReflectiveMethodInvocation.proceed(ReflectiveMethodInvocation.java:184)
	at org.springframework.dao.support.PersistenceExceptionTranslationInterceptor.invoke(PersistenceExceptionTranslationInterceptor.java:137)
	at org.springframework.aop.framework.ReflectiveMethodInvocation.proceed(ReflectiveMethodInvocation.java:184)
	at org.springframework.data.jpa.repository.support.CrudMethodMetadataPostProcessor$CrudMethodMetadataPopulatingMethodInterceptor.invoke(CrudMethodMetadataPostProcessor.java:164)
	at org.springframework.aop.framework.ReflectiveMethodInvocation.proceed(ReflectiveMethodInvocation.java:184)
	at org.springframework.aop.interceptor.ExposeInvocationInterceptor.invoke(ExposeInvocationInterceptor.java:97)
	at org.springframework.aop.framework.ReflectiveMethodInvocation.proceed(ReflectiveMethodInvocation.java:184)
	at org.springframework.aop.framework.JdkDynamicAopProxy.invoke(JdkDynamicAopProxy.java:249)
	at jdk.proxy2/jdk.proxy2.$Proxy163.deleteAll(Unknown Source)
	at com.apicultor.apicutor.controller.ColmeiaControllerTest.setup(ColmeiaControllerTest.java:59)
	at java.base/java.lang.reflect.Method.invoke(Method.java:580)
	at java.base/java.util.ArrayList.forEach(ArrayList.java:1596)
	at java.base/java.util.ArrayList.forEach(ArrayList.java:1596)
Caused by: org.hibernate.exception.ConstraintViolationException: could not execute statement [Referential integrity constraint violation: "FKP6IMMLRUSHWJ5J134GTLW8G10: PUBLIC.USUARIO_APIARIOS FOREIGN KEY(APIARIO_ID) REFERENCES PUBLIC.APIARIOS(ID) (CAST(1 AS BIGINT))"; SQL statement:
delete from apiarios where id=? [23503-224]] [delete from apiarios where id=?]
	at org.hibernate.exception.internal.SQLExceptionTypeDelegate.convert(SQLExceptionTypeDelegate.java:62)
	at org.hibernate.exception.internal.StandardSQLExceptionConverter.convert(StandardSQLExceptionConverter.java:58)
	at org.hibernate.engine.jdbc.spi.SqlExceptionHelper.convert(SqlExceptionHelper.java:108)
	at org.hibernate.engine.jdbc.internal.ResultSetReturnImpl.executeUpdate(ResultSetReturnImpl.java:283)
	at org.hibernate.engine.jdbc.mutation.internal.AbstractMutationExecutor.performNonBatchedMutation(AbstractMutationExecutor.java:107)
	at org.hibernate.engine.jdbc.mutation.internal.MutationExecutorSingleNonBatched.performNonBatchedOperations(MutationExecutorSingleNonBatched.java:40)
	at org.hibernate.engine.jdbc.mutation.internal.AbstractMutationExecutor.execute(AbstractMutationExecutor.java:52)
	at org.hibernate.persister.entity.mutation.DeleteCoordinator.doStaticDelete(DeleteCoordinator.java:267)
	at org.hibernate.persister.entity.mutation.DeleteCoordinator.coordinateDelete(DeleteCoordinator.java:86)
	at org.hibernate.persister.entity.AbstractEntityPersister.delete(AbstractEntityPersister.java:2971)
	at org.hibernate.action.internal.EntityDeleteAction.execute(EntityDeleteAction.java:131)
	at org.hibernate.engine.spi.ActionQueue.executeActions(ActionQueue.java:631)
	at org.hibernate.engine.spi.ActionQueue.executeActions(ActionQueue.java:498)
	at org.hibernate.event.internal.AbstractFlushingEventListener.performExecutions(AbstractFlushingEventListener.java:363)
	at org.hibernate.event.internal.DefaultFlushEventListener.onFlush(DefaultFlushEventListener.java:39)
	at org.hibernate.event.service.internal.EventListenerGroupImpl.fireEventOnEachListener(EventListenerGroupImpl.java:127)
	at org.hibernate.internal.SessionImpl.doFlush(SessionImpl.java:1415)
	at org.hibernate.internal.SessionImpl.managedFlush(SessionImpl.java:496)
	at org.hibernate.internal.SessionImpl.flushBeforeTransactionCompletion(SessionImpl.java:2325)
	at org.hibernate.internal.SessionImpl.beforeTransactionCompletion(SessionImpl.java:1988)
	at org.hibernate.engine.jdbc.internal.JdbcCoordinatorImpl.beforeTransactionCompletion(JdbcCoordinatorImpl.java:439)
	at org.hibernate.resource.transaction.backend.jdbc.internal.JdbcResourceLocalTransactionCoordinatorImpl.beforeCompletionCallback(JdbcResourceLocalTransactionCoordinatorImpl.java:169)
	at org.hibernate.resource.transaction.backend.jdbc.internal.JdbcResourceLocalTransactionCoordinatorImpl$TransactionDriverControlImpl.commit(JdbcResourceLocalTransactionCoordinatorImpl.java:267)
	at org.hibernate.engine.transaction.internal.TransactionImpl.commit(TransactionImpl.java:101)
	at org.springframework.orm.jpa.JpaTransactionManager.doCommit(JpaTransactionManager.java:561)
	... 18 more
Caused by: org.h2.jdbc.JdbcSQLIntegrityConstraintViolationException: Referential integrity constraint violation: "FKP6IMMLRUSHWJ5J134GTLW8G10: PUBLIC.USUARIO_APIARIOS FOREIGN KEY(APIARIO_ID) REFERENCES PUBLIC.APIARIOS(ID) (CAST(1 AS BIGINT))"; SQL statement:
delete from apiarios where id=? [23503-224]
	at org.h2.message.DbException.getJdbcSQLException(DbException.java:520)
	at org.h2.message.DbException.getJdbcSQLException(DbException.java:489)
	at org.h2.message.DbException.get(DbException.java:223)
	at org.h2.message.DbException.get(DbException.java:199)
	at org.h2.constraint.ConstraintReferential.checkRow(ConstraintReferential.java:365)
	at org.h2.constraint.ConstraintReferential.checkRowRefTable(ConstraintReferential.java:382)
	at org.h2.constraint.ConstraintReferential.checkRow(ConstraintReferential.java:256)
	at org.h2.table.Table.fireConstraints(Table.java:1200)
	at org.h2.table.Table.fireAfterRow(Table.java:1218)
	at org.h2.command.dml.Delete.update(Delete.java:92)
	at org.h2.command.dml.DataChangeStatement.update(DataChangeStatement.java:74)
	at org.h2.command.CommandContainer.update(CommandContainer.java:169)
	at org.h2.command.Command.executeUpdate(Command.java:256)
	at org.h2.jdbc.JdbcPreparedStatement.executeUpdateInternal(JdbcPreparedStatement.java:216)
	at org.h2.jdbc.JdbcPreparedStatement.executeUpdate(JdbcPreparedStatement.java:174)
	at com.zaxxer.hikari.pool.ProxyPreparedStatement.executeUpdate(ProxyPreparedStatement.java:61)
	at com.zaxxer.hikari.pool.HikariProxyPreparedStatement.executeUpdate(HikariProxyPreparedStatement.java)
	at org.hibernate.engine.jdbc.internal.ResultSetReturnImpl.executeUpdate(ResultSetReturnImpl.java:280)
	... 39 more
]]></error>
    <system-out><![CDATA[2026-03-17T17:21:01.290-03:00  WARN 23756 --- [           main] o.h.engine.jdbc.spi.SqlExceptionHelper   : SQL Error: 23503, SQLState: 23503
2026-03-17T17:21:01.291-03:00 ERROR 23756 --- [           main] o.h.engine.jdbc.spi.SqlExceptionHelper   : Referential integrity constraint violation: "FKP6IMMLRUSHWJ5J134GTLW8G10: PUBLIC.USUARIO_APIARIOS FOREIGN KEY(APIARIO_ID) REFERENCES PUBLIC.APIARIOS(ID) (CAST(1 AS BIGINT))"; SQL statement:
delete from apiarios where id=? [23503-224]
]]></system-out>
  </testcase>
</testsuite>